SF:lib/features/receipts/presentation/widgets/merchant_field_editor_with_normalization.dart
DA:16,1
DA:22,1
DA:24,1
DA:26,1
DA:32,1
DA:33,2
DA:35,7
DA:36,4
DA:39,1
DA:40,1
DA:42,1
DA:43,1
DA:44,2
DA:45,1
DA:46,1
DA:47,3
DA:52,1
DA:55,1
DA:56,4
DA:58,5
DA:60,1
DA:62,3
DA:66,1
DA:67,1
DA:68,3
DA:76,1
DA:77,1
DA:79,1
DA:80,1
DA:82,1
DA:87,1
DA:88,1
DA:97,1
DA:99,1
DA:100,1
DA:102,1
DA:104,2
DA:107,1
DA:108,2
DA:110,2
DA:111,2
DA:112,1
DA:113,5
DA:115,2
DA:118,2
DA:119,2
DA:124,3
DA:125,1
DA:126,2
DA:128,1
DA:134,1
DA:135,1
DA:136,4
DA:138,1
DA:139,1
DA:140,1
DA:141,1
DA:143,1
DA:144,1
DA:145,1
DA:147,1
DA:150,3
LF:62
LH:62
end_of_record
SF:lib/domain/services/ocr_service.dart
DA:20,16
DA:29,4
DA:37,4
DA:38,0
DA:39,4
DA:40,4
DA:41,0
DA:42,1
DA:43,4
DA:48,0
DA:49,0
DA:53,0
DA:54,0
DA:55,0
DA:56,0
DA:57,0
DA:58,0
DA:59,0
DA:60,0
DA:61,0
DA:62,0
DA:63,0
DA:64,0
DA:70,0
DA:72,0
DA:73,0
DA:74,0
DA:75,0
DA:76,0
DA:77,0
DA:78,0
DA:82,0
DA:83,0
DA:84,0
DA:85,0
DA:86,0
DA:87,0
DA:103,13
DA:114,2
DA:124,2
DA:125,2
DA:126,2
DA:127,2
DA:128,2
DA:129,1
DA:130,2
DA:131,2
DA:132,2
DA:137,0
DA:138,0
DA:139,0
DA:140,0
DA:141,0
DA:142,0
DA:143,0
DA:144,0
DA:145,0
DA:146,0
DA:151,0
DA:152,0
DA:153,0
DA:154,0
DA:155,0
DA:156,0
DA:157,0
DA:158,0
DA:159,0
DA:160,0
DA:203,5
DA:211,0
DA:213,0
DA:216,0
DA:217,0
DA:220,2
DA:222,2
DA:223,0
DA:224,0
DA:228,0
DA:230,0
DA:231,0
DA:234,0
DA:242,0
DA:244,0
DA:246,0
DA:247,0
DA:250,0
DA:252,0
DA:261,0
DA:262,0
DA:263,0
DA:265,0
DA:268,0
DA:271,0
DA:272,0
DA:275,0
DA:279,0
DA:280,0
DA:281,0
DA:282,0
DA:283,0
DA:285,0
DA:288,0
DA:291,0
DA:292,0
DA:293,0
DA:295,0
DA:297,0
DA:298,0
DA:300,0
DA:306,0
DA:309,0
DA:310,0
DA:311,0
DA:314,0
DA:315,0
DA:316,0
DA:318,0
DA:320,0
DA:331,0
DA:332,0
DA:335,0
DA:336,0
DA:337,0
DA:338,0
DA:339,0
DA:341,0
DA:342,0
DA:343,0
DA:345,0
DA:353,0
DA:355,0
DA:356,0
DA:357,0
DA:358,0
DA:361,0
DA:362,0
DA:364,0
DA:365,0
DA:367,0
DA:376,0
DA:377,0
DA:378,0
DA:380,0
DA:381,0
DA:388,0
DA:389,0
DA:390,0
DA:394,0
DA:396,0
DA:397,0
DA:399,0
DA:402,0
DA:403,0
DA:405,0
DA:412,0
DA:414,0
DA:415,0
DA:416,0
DA:417,0
DA:419,0
DA:420,0
DA:421,0
DA:422,0
DA:425,0
DA:430,0
DA:433,0
DA:435,0
DA:436,0
DA:439,0
DA:441,0
DA:442,0
DA:443,0
DA:446,0
DA:447,0
DA:448,0
DA:449,0
DA:452,0
DA:453,0
DA:454,0
DA:455,0
DA:458,0
DA:459,0
DA:462,0
DA:463,0
DA:474,0
DA:478,0
DA:479,0
DA:480,0
DA:482,0
DA:493,0
DA:497,0
DA:498,0
DA:500,0
DA:517,0
DA:521,0
DA:522,0
DA:525,0
DA:526,0
DA:528,0
DA:531,1
DA:533,1
DA:536,2
DA:537,1
DA:540,2
DA:545,2
DA:546,1
DA:548,1
DA:549,1
DA:550,1
DA:551,1
DA:552,2
DA:553,2
DA:554,2
DA:555,1
DA:562,1
DA:563,1
DA:565,2
DA:566,1
DA:567,2
DA:568,1
DA:574,1
DA:575,1
DA:578,1
DA:579,0
DA:580,0
DA:582,0
DA:588,1
DA:589,0
DA:590,0
DA:592,0
DA:598,1
DA:600,1
DA:603,1
DA:605,2
DA:606,1
DA:607,1
DA:608,3
DA:611,1
DA:612,3
DA:614,1
DA:617,1
DA:619,1
DA:620,1
DA:621,1
DA:622,1
DA:626,1
DA:627,1
DA:630,1
DA:632,0
DA:637,0
DA:638,0
DA:639,0
DA:642,0
DA:643,0
DA:646,0
DA:647,0
DA:650,0
DA:651,0
DA:654,2
DA:660,0
DA:668,0
DA:669,0
DA:670,0
DA:671,0
DA:673,0
DA:674,0
DA:676,0
DA:677,0
DA:681,0
DA:684,0
DA:691,0
DA:699,0
DA:700,0
DA:701,0
DA:702,0
DA:704,0
DA:705,0
DA:706,0
DA:710,0
DA:712,0
DA:713,0
DA:714,0
DA:717,0
DA:724,0
DA:726,0
DA:727,0
DA:728,0
DA:730,0
DA:733,1
DA:735,1
DA:738,1
DA:740,0
DA:743,1
DA:745,0
DA:748,1
DA:750,0
DA:753,1
DA:756,0
DA:758,0
DA:759,0
DA:764,0
DA:769,0
DA:774,0
DA:781,0
DA:799,4
DA:801,4
DA:803,4
DA:805,4
DA:807,4
DA:809,3
DA:811,3
DA:816,1
DA:818,1
DA:820,1
DA:822,1
DA:824,1
DA:826,1
DA:828,0
DA:841,1
DA:848,1
DA:849,1
DA:855,1
DA:860,1
DA:864,0
LF:324
LH:89
end_of_record
SF:lib/core/models/confidence_level.dart
DA:36,9
DA:37,9
DA:38,9
DA:49,0
DA:51,0
DA:53,0
DA:55,0
DA:61,0
DA:63,0
DA:65,0
DA:67,0
DA:73,0
DA:74,0
DA:78,0
DA:79,0
LF:15
LH:3
end_of_record
SF:lib/features/receipts/presentation/widgets/confidence_indicator.dart
DA:18,4
DA:26,4
DA:28,4
DA:29,4
DA:37,4
DA:39,4
DA:40,8
DA:44,8
DA:47,8
DA:48,4
DA:52,8
DA:53,8
DA:55,2
DA:59,4
DA:61,8
DA:62,4
DA:65,4
DA:67,4
DA:70,8
DA:71,24
DA:72,2
DA:76,4
DA:78,8
DA:79,1
DA:82,8
DA:83,4
DA:84,4
DA:85,4
DA:86,4
DA:87,4
DA:89,4
DA:90,4
DA:91,4
DA:92,4
DA:93,16
DA:94,4
DA:95,8
DA:96,4
DA:98,4
DA:99,4
DA:100,4
DA:101,4
DA:104,4
DA:107,4
DA:108,4
DA:110,4
DA:111,4
DA:113,9
DA:114,1
DA:115,2
DA:116,1
DA:124,4
DA:125,8
DA:126,4
DA:132,8
DA:142,9
DA:144,1
DA:146,7
DA:148,3
DA:158,1
DA:159,1
DA:162,1
DA:163,1
DA:164,1
DA:166,1
DA:168,2
DA:169,1
DA:171,1
DA:172,1
DA:180,3
DA:185,3
DA:189,3
DA:193,0
DA:199,3
DA:201,3
DA:209,1
DA:210,1
DA:211,2
DA:212,1
DA:213,1
DA:214,1
DA:215,2
DA:217,1
DA:219,1
DA:220,1
DA:223,1
DA:225,2
DA:229,1
DA:230,3
DA:231,1
DA:232,1
DA:242,4
DA:244,8
DA:245,8
DA:248,4
DA:250,4
DA:252,4
DA:254,4
DA:259,4
DA:261,4
DA:263,4
DA:265,4
DA:270,4
DA:272,4
DA:274,4
DA:276,4
LF:106
LH:105
end_of_record
SF:lib/features/receipts/presentation/widgets/field_editor.dart
DA:23,3
DA:35,3
DA:37,3
DA:38,3
DA:54,3
DA:56,3
DA:57,9
DA:58,9
DA:59,6
DA:60,9
DA:62,6
DA:64,6
DA:69,6
DA:74,6
DA:77,6
DA:78,3
DA:82,6
DA:85,6
DA:86,3
DA:90,9
DA:93,3
DA:95,6
DA:96,6
DA:97,6
DA:98,6
DA:99,3
DA:102,1
DA:104,1
DA:106,5
DA:107,0
DA:108,0
DA:112,3
DA:113,6
DA:114,6
DA:116,0
DA:120,3
DA:121,3
DA:124,3
DA:127,6
DA:132,1
DA:141,3
DA:142,9
DA:143,0
DA:145,3
DA:147,6
DA:148,3
DA:151,6
DA:152,9
DA:155,3
DA:156,6
DA:161,9
DA:162,3
DA:163,1
DA:164,3
DA:165,3
DA:166,2
DA:167,3
DA:168,3
DA:174,1
DA:176,1
DA:177,1
DA:181,1
DA:182,2
DA:183,2
DA:184,2
DA:186,2
DA:196,2
DA:198,2
DA:199,2
DA:202,2
DA:211,3
DA:212,9
DA:215,9
DA:221,0
DA:222,0
DA:223,0
DA:227,3
DA:229,9
DA:230,3
DA:231,3
DA:232,3
DA:234,3
DA:236,3
DA:238,3
DA:239,9
DA:240,3
DA:241,3
DA:242,12
DA:244,3
DA:251,3
DA:252,3
DA:253,3
DA:254,3
DA:255,3
DA:256,6
DA:257,12
DA:259,3
DA:262,12
DA:264,3
DA:265,3
DA:268,3
DA:277,3
DA:278,3
DA:279,3
DA:280,3
DA:281,6
DA:285,4
DA:286,6
DA:287,2
DA:290,2
DA:295,6
DA:300,3
DA:301,3
DA:302,3
DA:303,3
DA:309,3
DA:310,3
DA:311,3
DA:312,6
DA:313,6
DA:314,6
DA:315,3
DA:316,3
DA:322,6
DA:323,3
DA:324,3
DA:326,6
DA:328,2
DA:329,3
DA:332,3
DA:334,6
DA:342,2
DA:343,6
DA:345,2
DA:347,2
DA:348,2
DA:351,2
DA:359,3
DA:370,3
DA:371,3
DA:372,3
DA:373,3
DA:374,3
DA:375,6
DA:376,3
DA:377,3
DA:378,3
DA:379,3
DA:380,3
DA:381,6
DA:387,6
DA:388,3
DA:390,3
DA:391,3
DA:392,3
DA:393,6
DA:395,3
DA:397,3
DA:398,6
DA:400,3
DA:402,3
DA:405,3
DA:411,9
DA:412,1
DA:414,1
DA:415,3
DA:419,3
DA:438,2
DA:443,2
DA:445,2
DA:447,2
DA:449,2
DA:452,2
DA:453,4
DA:455,4
DA:456,4
DA:457,2
DA:458,10
DA:460,4
DA:463,2
DA:464,2
DA:475,2
DA:480,2
DA:482,2
DA:484,2
DA:486,2
DA:489,2
DA:490,4
DA:491,2
DA:493,2
DA:494,2
DA:507,2
DA:514,2
DA:516,2
DA:518,2
DA:519,2
DA:520,2
DA:521,2
DA:523,2
DA:524,4
DA:525,4
DA:527,2
DA:528,6
DA:534,2
DA:535,2
LF:205
LH:198
end_of_record
SF:lib/data/models/camera_frame.dart
DA:9,4
DA:13,1
DA:16,0
DA:18,0
DA:19,0
DA:26,0
DA:29,0
LF:7
LH:2
end_of_record
SF:lib/data/models/capture_result.dart
DA:11,3
DA:20,3
DA:21,3
DA:29,3
DA:30,3
LF:5
LH:5
end_of_record
SF:lib/data/models/edge_detection_result.dart
DA:7,4
DA:15,0
DA:16,0
DA:17,0
DA:18,0
DA:19,0
DA:20,0
DA:25,0
DA:26,0
DA:27,0
DA:28,0
DA:29,0
DA:30,0
DA:31,0
DA:32,0
DA:36,0
DA:37,0
DA:44,1
DA:47,0
DA:48,0
DA:49,0
DA:50,0
DA:55,0
DA:56,0
DA:57,0
DA:58,0
DA:62,1
DA:63,3
LF:28
LH:4
end_of_record
SF:lib/data/models/receipt.dart
DA:17,10
DA:28,7
DA:29,6
DA:30,9
DA:32,4
DA:43,4
DA:44,4
DA:45,4
DA:46,4
DA:47,4
DA:48,4
DA:49,4
DA:50,3
DA:51,4
DA:52,4
DA:57,28
DA:58,16
DA:59,24
DA:60,12
DA:62,12
DA:63,0
DA:64,0
DA:65,0
DA:66,0
DA:67,0
DA:69,15
DA:71,1
DA:72,1
DA:73,1
DA:74,1
DA:75,1
DA:76,2
DA:77,2
DA:78,1
DA:79,2
DA:80,1
DA:82,1
DA:83,1
DA:84,1
DA:85,1
DA:86,1
DA:90,1
DA:91,1
DA:92,1
DA:93,1
DA:94,1
DA:95,2
DA:96,1
DA:97,4
DA:98,0
DA:100,1
DA:101,1
DA:102,2
DA:103,0
DA:104,1
DA:109,0
DA:111,0
LF:57
LH:48
end_of_record
SF:lib/domain/services/camera_service.dart
DA:24,1
DA:26,1
DA:30,1
DA:31,0
DA:32,0
DA:36,0
DA:37,0
DA:43,0
DA:46,0
DA:47,0
DA:49,1
DA:54,1
DA:56,1
DA:57,1
DA:58,2
DA:59,2
DA:60,1
DA:63,0
DA:65,0
DA:66,0
DA:71,0
DA:73,0
DA:74,0
DA:81,0
DA:82,0
DA:85,0
DA:89,0
DA:91,0
DA:92,0
DA:98,0
DA:101,0
DA:104,0
DA:106,0
DA:110,0
DA:113,0
DA:115,0
DA:118,0
DA:120,0
DA:121,0
DA:122,0
DA:123,0
DA:124,0
DA:129,0
DA:131,0
LF:44
LH:10
end_of_record
SF:lib/infrastructure/services/edge_detection_service.dart
DA:24,3
DA:26,6
DA:29,6
DA:30,8
DA:31,0
DA:35,6
DA:41,0
DA:44,0
DA:46,0
DA:48,0
DA:49,0
DA:50,0
DA:51,0
DA:52,0
DA:56,0
DA:57,0
DA:67,3
DA:68,8
DA:72,9
DA:73,9
DA:79,0
DA:80,0
DA:81,0
DA:84,0
DA:85,0
DA:90,0
DA:91,0
DA:93,0
DA:95,0
DA:97,0
DA:98,0
DA:99,0
DA:100,0
DA:104,0
DA:105,0
DA:106,0
DA:107,0
DA:111,0
DA:113,0
DA:114,0
DA:120,0
DA:123,0
DA:126,0
DA:129,0
DA:132,0
DA:141,0
DA:142,0
DA:143,0
DA:144,0
DA:146,0
DA:147,0
DA:148,0
DA:149,0
DA:150,0
DA:151,0
DA:159,0
DA:160,0
DA:161,0
DA:162,0
DA:165,0
DA:166,0
DA:170,0
DA:171,0
DA:172,0
DA:173,0
DA:174,0
DA:178,0
DA:179,0
DA:184,0
DA:185,0
DA:186,0
DA:188,0
DA:189,0
DA:190,0
DA:197,0
DA:198,0
DA:199,0
DA:200,0
DA:203,0
DA:204,0
DA:206,0
DA:207,0
DA:210,0
DA:211,0
DA:214,0
DA:216,0
DA:224,0
DA:225,0
DA:226,0
DA:227,0
DA:230,0
DA:231,0
DA:232,0
DA:233,0
DA:235,0
DA:236,0
DA:237,0
DA:238,0
DA:241,0
DA:242,0
DA:247,0
DA:248,0
DA:249,0
DA:250,0
DA:252,0
DA:253,0
DA:258,0
DA:259,0
DA:261,0
DA:269,0
DA:270,0
DA:271,0
DA:274,0
DA:275,0
DA:276,0
DA:277,0
DA:281,0
DA:286,0
DA:287,0
DA:288,0
DA:289,0
DA:291,0
DA:292,0
DA:293,0
DA:294,0
DA:296,0
DA:297,0
DA:298,0
DA:299,0
DA:300,0
DA:301,0
DA:303,0
DA:304,0
DA:305,0
DA:306,0
DA:307,0
DA:308,0
DA:311,0
DA:315,0
DA:325,0
DA:326,0
DA:333,0
DA:334,0
DA:335,0
DA:336,0
DA:338,0
DA:339,0
DA:342,0
DA:346,0
DA:347,0
DA:348,0
DA:349,0
DA:354,0
DA:355,0
DA:356,0
DA:364,0
DA:365,0
DA:366,0
DA:367,0
DA:369,0
DA:370,0
DA:373,0
DA:377,0
DA:378,0
DA:379,0
DA:380,0
DA:385,0
DA:386,0
DA:387,0
DA:395,0
DA:396,0
DA:397,0
DA:398,0
DA:401,0
DA:402,0
DA:404,0
DA:406,0
DA:407,0
DA:408,0
DA:409,0
DA:414,0
DA:415,0
DA:423,0
DA:424,0
DA:425,0
DA:426,0
DA:429,0
DA:430,0
DA:432,0
DA:434,0
DA:435,0
DA:436,0
DA:437,0
DA:442,0
DA:443,0
DA:451,0
DA:453,0
DA:455,0
DA:456,0
DA:457,0
DA:458,0
DA:461,0
DA:466,0
DA:467,0
DA:471,0
DA:473,0
DA:474,0
DA:475,0
DA:476,0
DA:479,0
DA:480,0
DA:483,0
DA:484,0
DA:487,0
DA:488,0
DA:489,0
DA:490,0
DA:492,0
DA:493,0
DA:494,0
DA:495,0
DA:498,0
DA:502,0
DA:507,0
DA:509,0
DA:510,0
DA:512,0
DA:517,0
DA:522,0
DA:524,0
DA:525,0
DA:527,0
DA:532,4
DA:534,4
DA:535,4
DA:536,4
LF:236
LH:13
end_of_record
SF:lib/domain/services/merchant_normalization_service.dart
DA:20,3
DA:22,6
DA:26,3
DA:29,6
DA:30,6
DA:37,3
DA:38,3
DA:39,2
DA:42,3
DA:45,3
DA:48,3
DA:51,6
DA:52,3
DA:57,9
DA:60,9
DA:61,2
DA:64,6
DA:69,3
DA:70,6
DA:71,6
DA:72,3
DA:79,3
DA:81,6
DA:82,6
DA:84,3
DA:88,3
DA:89,3
DA:90,3
DA:91,3
DA:97,3
DA:98,3
DA:101,3
DA:106,3
DA:107,3
DA:109,9
DA:110,3
DA:111,3
DA:114,3
DA:115,2
DA:118,7
DA:119,4
DA:123,6
DA:127,3
DA:131,3
DA:132,3
DA:135,3
DA:136,1
DA:137,4
DA:141,3
DA:142,2
DA:143,8
DA:147,3
DA:148,3
DA:149,12
DA:152,3
DA:156,3
DA:157,3
DA:158,15
DA:162,2
DA:164,4
DA:168,2
DA:169,4
DA:173,4
DA:174,1
LF:64
LH:64
end_of_record
SF:lib/features/capture/providers/batch_capture_provider.dart
DA:12,4
DA:19,3
DA:25,3
DA:26,3
DA:27,3
DA:28,3
DA:29,3
DA:33,9
DA:39,12
DA:41,3
DA:42,3
DA:43,9
DA:46,3
DA:50,2
DA:51,6
DA:57,3
DA:58,6
DA:60,9
DA:63,6
DA:64,6
DA:67,6
DA:68,3
DA:69,3
DA:70,3
DA:71,6
DA:72,3
DA:73,3
DA:76,12
DA:77,9
DA:83,9
DA:87,0
DA:92,2
DA:93,4
DA:94,8
DA:95,2
DA:97,6
DA:100,0
DA:101,0
DA:102,0
DA:105,2
DA:106,6
DA:107,2
DA:108,2
DA:110,2
DA:111,2
DA:113,6
DA:116,2
DA:117,6
DA:118,2
DA:125,6
DA:126,0
DA:129,11
DA:130,4
DA:131,2
LF:54
LH:49
end_of_record
SF:lib/core/constants/merchant_dictionary.dart
DA:173,1
DA:175,9
LF:2
LH:2
end_of_record
SF:lib/features/capture/screens/batch_capture_screen.dart
DA:12,1
DA:14,1
DA:15,1
DA:27,1
DA:29,1
DA:30,2
DA:34,2
DA:38,2
DA:43,3
DA:44,5
DA:48,1
DA:50,2
DA:51,2
DA:52,2
DA:53,2
DA:54,1
DA:57,1
DA:58,4
DA:59,1
DA:61,1
DA:62,1
DA:64,4
DA:65,2
DA:68,3
DA:69,0
DA:70,0
DA:71,0
DA:76,3
DA:77,1
DA:78,6
DA:85,2
DA:86,1
DA:91,1
DA:93,2
DA:95,2
DA:96,1
DA:99,2
DA:100,2
DA:102,2
DA:103,0
DA:104,0
DA:108,0
DA:109,0
DA:112,0
DA:113,0
DA:114,0
DA:115,0
DA:117,0
DA:118,0
DA:124,0
DA:125,0
DA:126,0
DA:127,0
DA:128,0
DA:130,0
DA:133,1
DA:134,3
DA:135,2
DA:136,3
DA:137,1
DA:138,1
DA:144,1
DA:146,3
DA:148,1
DA:149,1
DA:153,1
DA:154,2
DA:155,1
DA:156,1
DA:165,1
DA:166,1
DA:169,1
DA:170,1
DA:171,1
DA:172,1
DA:173,4
DA:178,1
DA:181,2
DA:185,2
DA:186,1
DA:190,1
DA:191,1
DA:192,1
DA:193,1
DA:194,1
DA:196,1
DA:197,1
DA:198,1
DA:200,1
DA:202,1
DA:203,1
DA:204,2
DA:212,1
DA:215,1
DA:216,2
DA:217,1
DA:222,1
DA:223,1
DA:241,2
DA:242,1
DA:245,1
DA:246,1
DA:247,1
DA:248,1
DA:249,4
DA:250,1
DA:253,1
DA:254,1
DA:255,1
DA:256,1
DA:269,1
DA:273,1
DA:274,1
DA:275,3
DA:276,1
DA:277,1
DA:278,1
DA:286,3
DA:291,1
DA:293,1
DA:295,2
DA:296,1
DA:297,1
DA:298,1
DA:299,0
DA:300,0
DA:301,0
DA:303,0
DA:304,0
DA:307,1
DA:308,1
DA:309,1
DA:312,1
DA:313,1
DA:314,1
DA:315,1
DA:323,1
DA:324,3
DA:326,1
DA:327,1
DA:333,1
DA:339,2
DA:340,1
DA:341,2
DA:351,2
DA:352,1
LF:146
LH:122
end_of_record
SF:lib/features/capture/widgets/capture_counter_widget.dart
DA:6,1
DA:11,1
DA:12,1
DA:21,1
DA:23,1
DA:24,2
DA:29,2
DA:32,2
DA:33,1
DA:37,3
DA:40,1
DA:42,1
DA:43,8
DA:44,3
DA:45,0
DA:48,3
DA:51,1
DA:53,2
DA:54,1
DA:57,1
DA:59,1
DA:60,1
DA:61,1
DA:62,1
DA:63,2
DA:64,1
DA:66,1
DA:67,1
DA:68,1
DA:69,1
DA:71,1
DA:73,1
DA:80,1
DA:81,3
LF:34
LH:33
end_of_record
SF:lib/domain/services/csv_export_service.dart
DA:15,1
DA:31,1
DA:39,1
DA:40,1
DA:48,1
DA:49,1
DA:64,1
DA:66,1
DA:67,1
DA:72,3
DA:73,1
DA:74,1
DA:75,1
DA:78,2
DA:79,3
DA:80,3
DA:83,3
DA:84,3
DA:87,3
DA:88,3
DA:92,3
DA:93,5
DA:97,1
DA:99,4
DA:100,0
DA:104,1
DA:106,3
DA:107,0
DA:112,1
DA:113,1
DA:116,1
DA:117,1
DA:120,1
DA:121,1
DA:125,1
DA:129,1
DA:133,1
DA:134,1
DA:135,4
DA:139,1
DA:142,1
DA:143,3
DA:144,1
DA:145,1
DA:149,4
DA:150,1
DA:151,1
DA:154,2
DA:155,1
DA:156,1
DA:158,2
DA:160,0
DA:164,1
DA:167,1
DA:168,1
DA:169,1
DA:170,1
DA:171,1
DA:172,1
DA:176,1
DA:179,1
DA:180,1
DA:181,1
DA:182,1
DA:183,1
DA:184,1
DA:188,1
DA:190,1
DA:191,1
DA:193,2
DA:194,2
DA:195,2
DA:196,2
DA:197,2
DA:199,3
DA:200,2
DA:201,2
DA:205,1
DA:208,1
DA:210,1
DA:211,1
DA:213,2
DA:214,2
DA:215,2
DA:216,2
DA:217,2
DA:218,3
DA:220,2
DA:221,2
DA:225,1
DA:228,1
DA:230,1
DA:242,1
DA:244,2
DA:245,2
DA:246,1
DA:247,2
DA:248,2
DA:249,2
DA:250,2
DA:251,2
DA:252,1
DA:253,2
DA:254,2
DA:255,2
DA:259,1
DA:262,1
DA:264,1
DA:269,1
DA:270,1
DA:273,2
DA:274,1
DA:279,1
DA:280,0
DA:285,1
DA:286,1
DA:287,1
DA:292,1
DA:300,1
DA:301,1
DA:302,1
DA:305,2
DA:306,1
DA:308,2
DA:310,2
DA:311,2
DA:312,2
DA:313,1
DA:316,0
DA:317,0
DA:318,0
DA:319,0
DA:326,8
DA:335,1
DA:336,14
LF:135
LH:127
end_of_record
SF:lib/features/capture/widgets/camera_preview_widget.dart
DA:4,1
DA:6,1
DA:7,1
DA:15,1
DA:17,1
DA:18,2
DA:21,1
DA:23,2
DA:26,2
DA:27,1
DA:32,1
DA:34,2
DA:35,1
DA:38,1
DA:40,1
DA:44,1
DA:45,1
DA:46,1
DA:79,1
DA:80,1
DA:81,1
DA:82,1
DA:83,1
DA:86,1
DA:87,1
DA:88,3
DA:91,1
DA:93,1
DA:94,1
DA:95,1
DA:98,1
DA:101,1
DA:102,1
DA:103,1
DA:104,3
DA:107,1
DA:108,3
DA:115,1
DA:118,1
DA:121,1
DA:122,1
DA:123,1
DA:124,3
DA:127,1
DA:128,3
DA:135,1
DA:138,1
DA:141,1
DA:142,1
DA:143,1
DA:144,3
DA:147,1
DA:148,3
DA:155,1
DA:158,1
DA:161,1
DA:162,1
DA:163,1
DA:164,3
DA:167,1
DA:168,3
LF:61
LH:61
end_of_record
SF:lib/features/capture/screens/batch_review_screen.dart
DA:12,1
DA:14,2
DA:15,2
DA:24,0
DA:25,0
DA:26,0
DA:29,0
DA:31,0
DA:32,0
DA:34,0
DA:36,0
DA:40,0
DA:41,0
DA:42,0
DA:47,0
DA:48,0
DA:50,0
DA:51,0
DA:52,0
DA:53,0
DA:58,0
DA:59,0
DA:60,0
DA:63,0
DA:66,0
DA:67,0
DA:72,0
DA:74,0
DA:75,0
DA:80,0
DA:81,0
DA:86,0
DA:88,0
DA:89,0
DA:92,0
DA:94,0
DA:95,0
DA:98,0
DA:101,0
DA:103,0
DA:104,0
DA:105,0
DA:111,0
DA:112,0
DA:115,2
DA:117,6
DA:118,2
DA:120,2
DA:121,2
DA:122,6
DA:123,6
DA:126,2
DA:147,2
DA:148,2
DA:149,2
DA:150,2
DA:152,2
DA:153,0
DA:154,0
DA:155,0
DA:157,2
DA:158,2
DA:159,2
DA:160,4
DA:162,2
DA:172,0
DA:173,2
DA:175,2
DA:176,2
DA:177,2
DA:178,2
DA:179,3
DA:182,2
DA:183,2
DA:187,2
DA:188,2
DA:189,6
DA:191,3
DA:192,1
DA:193,1
DA:200,2
DA:202,2
DA:203,8
DA:204,4
DA:206,1
DA:207,4
DA:213,2
DA:215,2
DA:216,2
DA:217,1
DA:218,1
DA:219,3
DA:224,0
DA:227,2
DA:231,6
DA:232,0
DA:234,0
DA:237,0
DA:249,2
DA:251,2
DA:252,2
DA:253,2
DA:254,4
DA:257,2
DA:258,2
DA:259,2
DA:260,2
DA:261,2
DA:267,2
DA:269,2
DA:270,6
DA:271,2
DA:278,4
DA:279,2
DA:293,0
DA:294,0
DA:295,0
DA:296,0
DA:298,0
DA:304,0
DA:305,0
DA:306,0
DA:307,0
DA:310,0
DA:311,0
DA:312,0
DA:315,0
DA:316,0
DA:319,0
DA:320,0
DA:323,0
DA:324,0
DA:332,0
DA:333,0
DA:334,0
DA:335,0
DA:337,0
DA:338,0
DA:341,0
DA:342,0
DA:344,0
DA:346,0
DA:348,0
DA:351,0
DA:358,0
DA:359,0
DA:360,0
DA:368,0
DA:369,0
DA:370,0
DA:371,0
DA:373,0
DA:374,0
DA:377,0
DA:378,0
DA:380,0
DA:382,0
DA:384,0
DA:387,0
DA:391,0
DA:392,0
DA:396,0
DA:397,0
DA:398,0
DA:401,0
DA:402,0
DA:411,0
DA:412,0
DA:413,0
DA:414,0
DA:416,0
DA:419,0
DA:420,0
DA:422,0
DA:424,0
DA:427,0
DA:428,0
DA:429,0
DA:437,0
DA:438,0
DA:439,0
DA:440,0
DA:447,2
DA:448,2
DA:449,2
DA:451,4
DA:453,2
DA:454,2
DA:455,2
DA:456,2
DA:458,0
LF:191
LH:73
end_of_record
SF:lib/features/capture/widgets/receipt_thumbnail_widget.dart
DA:7,2
DA:13,2
DA:15,2
DA:16,2
DA:17,2
DA:18,2
DA:19,2
DA:20,2
DA:21,4
LF:9
LH:9
end_of_record
SF:lib/features/capture/widgets/ocr_results_widget.dart
DA:11,0
DA:19,0
DA:21,0
DA:31,0
DA:32,0
DA:33,0
DA:34,0
DA:35,0
DA:36,0
DA:37,0
DA:38,0
DA:39,0
DA:40,0
DA:43,0
DA:45,0
DA:46,0
DA:47,0
DA:48,0
DA:49,0
DA:51,0
DA:54,0
DA:55,0
DA:59,0
DA:60,0
DA:61,0
DA:63,0
DA:64,0
DA:65,0
DA:67,0
DA:81,0
DA:83,0
DA:84,0
DA:85,0
DA:91,0
DA:92,0
DA:93,0
DA:94,0
DA:95,0
DA:97,0
DA:100,0
DA:101,0
DA:102,0
DA:104,0
DA:107,0
DA:108,0
DA:110,0
DA:117,0
DA:118,0
DA:120,0
DA:127,0
DA:128,0
DA:130,0
DA:131,0
DA:132,0
DA:133,0
DA:135,0
DA:136,0
DA:137,0
DA:140,0
DA:146,0
DA:147,0
DA:149,0
DA:156,0
DA:157,0
DA:159,0
DA:166,0
DA:167,0
LF:67
LH:0
end_of_record
SF:lib/features/receipts/presentation/widgets/confidence_badge.dart
DA:14,4
DA:19,4
DA:21,4
DA:23,4
DA:24,4
DA:27,6
DA:28,3
DA:29,3
DA:31,3
DA:32,3
DA:33,3
DA:34,3
DA:37,3
DA:38,3
DA:39,3
DA:45,3
DA:46,3
DA:47,3
DA:48,9
DA:49,3
DA:51,6
DA:56,1
DA:59,2
DA:64,4
DA:65,4
DA:66,4
DA:67,4
DA:68,4
DA:70,4
DA:71,4
DA:72,4
DA:73,4
DA:79,4
DA:80,4
DA:81,8
DA:82,8
DA:92,3
DA:94,3
DA:96,3
DA:98,3
DA:103,3
DA:105,3
DA:107,3
DA:109,3
DA:122,3
DA:128,3
DA:130,4
DA:132,4
DA:133,4
DA:134,4
DA:135,4
DA:136,8
DA:137,8
DA:138,4
DA:139,4
DA:140,4
LF:56
LH:56
end_of_record
SF:lib/shared/widgets/confidence_score_widget.dart
DA:23,4
DA:30,4
DA:32,4
DA:35,4
DA:36,1
DA:39,8
DA:40,4
DA:41,4
DA:43,4
DA:44,4
DA:45,2
DA:46,3
DA:47,2
DA:48,2
DA:49,2
DA:53,2
DA:55,2
DA:57,2
DA:60,2
DA:62,2
DA:63,2
DA:65,2
DA:67,2
DA:68,4
DA:69,4
DA:72,2
DA:73,6
DA:74,2
DA:76,2
DA:85,2
DA:86,2
DA:88,2
DA:89,2
DA:90,2
DA:91,4
DA:93,2
DA:95,2
DA:96,2
DA:98,2
DA:99,4
DA:100,2
DA:103,2
DA:104,6
DA:105,2
DA:114,2
DA:120,2
DA:121,2
DA:123,2
DA:124,3
DA:125,1
DA:128,2
DA:129,6
DA:130,2
DA:140,2
DA:141,2
DA:144,2
DA:145,2
DA:146,2
DA:148,2
DA:150,6
DA:151,2
DA:152,2
DA:153,2
DA:161,1
DA:164,2
DA:165,0
DA:167,0
DA:168,0
DA:169,0
DA:170,0
DA:198,1
DA:199,1
DA:200,1
DA:201,1
DA:203,1
DA:204,1
DA:220,4
DA:222,4
DA:224,4
DA:226,4
DA:231,4
DA:233,4
DA:235,4
DA:237,4
LF:84
LH:79
end_of_record
SF:lib/features/capture/widgets/retry_prompt_dialog.dart
DA:13,2
DA:23,2
DA:25,2
DA:26,2
DA:28,2
DA:29,2
DA:30,2
DA:31,2
DA:32,2
DA:33,2
DA:40,2
DA:43,2
DA:45,2
DA:46,4
DA:47,4
DA:52,2
DA:54,2
DA:55,2
DA:56,2
DA:58,2
DA:59,2
DA:60,2
DA:63,2
DA:66,2
DA:67,6
DA:68,6
DA:69,2
DA:79,4
DA:80,2
DA:82,6
DA:84,2
DA:88,2
DA:89,2
DA:90,6
DA:91,2
DA:97,2
DA:99,2
DA:100,2
DA:105,2
DA:106,2
DA:112,2
DA:113,6
DA:115,6
DA:123,2
DA:124,2
DA:125,2
DA:127,2
DA:129,2
DA:131,2
DA:133,1
DA:135,1
DA:140,2
DA:141,2
DA:142,2
DA:144,2
DA:146,2
DA:148,2
DA:150,1
DA:152,1
DA:158,2
DA:164,2
DA:167,4
DA:171,3
DA:172,3
DA:173,6
LF:65
LH:65
end_of_record
SF:lib/features/capture/widgets/capture_failed_state.dart
DA:14,2
DA:25,2
DA:27,2
DA:28,2
DA:30,2
DA:32,2
DA:33,2
DA:35,2
DA:37,2
DA:40,2
DA:41,2
DA:44,2
DA:45,2
DA:47,2
DA:54,2
DA:56,6
DA:57,2
DA:65,2
DA:66,4
DA:67,6
DA:68,2
DA:76,2
DA:77,2
DA:78,2
DA:79,2
DA:85,2
DA:86,2
DA:88,2
DA:90,2
DA:91,6
DA:93,6
DA:96,2
DA:105,2
DA:107,2
DA:108,2
DA:111,2
DA:120,2
DA:121,2
DA:122,2
DA:133,4
DA:134,2
DA:136,2
DA:137,2
DA:138,2
DA:140,2
DA:141,2
DA:142,2
DA:143,2
DA:144,2
DA:147,2
DA:150,2
DA:152,6
DA:154,2
DA:160,2
DA:161,2
DA:162,6
DA:163,2
DA:176,2
DA:177,2
DA:178,2
DA:180,2
DA:182,2
DA:184,2
DA:186,2
DA:188,2
DA:193,2
DA:194,2
DA:195,2
DA:197,2
DA:199,2
DA:201,2
DA:203,2
DA:205,2
DA:217,2
DA:224,2
DA:226,2
DA:227,2
DA:229,2
DA:231,2
DA:232,2
DA:233,2
DA:235,2
DA:236,2
DA:238,2
DA:240,2
DA:241,2
DA:244,2
DA:247,2
DA:248,4
DA:249,6
DA:251,2
DA:255,2
DA:257,2
DA:258,4
DA:259,4
DA:260,4
DA:261,2
DA:263,2
DA:264,4
DA:265,6
DA:266,4
DA:267,2
DA:268,2
DA:279,2
DA:281,2
DA:282,2
DA:284,6
DA:285,2
DA:288,2
DA:289,6
DA:290,6
DA:292,2
DA:296,2
DA:299,2
DA:300,4
DA:301,2
DA:303,2
DA:305,2
DA:306,8
DA:308,2
DA:309,2
DA:310,2
DA:322,2
DA:323,4
DA:324,1
DA:325,4
DA:326,1
DA:328,2
LF:128
LH:128
end_of_record
SF:lib/shared/widgets/bounding_box_overlay.dart
DA:10,1
DA:17,1
DA:18,2
DA:19,1
DA:20,2
DA:21,1
DA:23,1
DA:28,1
DA:29,2
DA:31,2
DA:58,1
DA:66,1
DA:68,2
DA:71,5
DA:72,5
DA:75,1
DA:78,3
DA:79,3
DA:80,4
DA:81,4
DA:83,2
DA:85,1
DA:86,4
DA:87,4
DA:88,4
DA:89,4
DA:93,1
DA:94,4
DA:95,2
DA:96,1
DA:97,1
DA:99,1
DA:102,1
DA:103,4
DA:104,1
DA:105,2
DA:106,1
DA:107,4
DA:109,1
DA:112,1
DA:113,1
DA:114,5
DA:115,1
DA:118,3
DA:121,2
DA:127,1
DA:128,1
DA:130,1
DA:131,2
DA:132,2
DA:137,1
DA:138,1
DA:143,1
DA:145,1
DA:146,1
DA:147,1
DA:149,1
DA:150,5
DA:151,5
DA:154,1
DA:157,1
DA:158,1
DA:159,1
DA:161,2
DA:164,1
DA:165,1
DA:166,1
DA:167,1
DA:169,2
DA:172,1
DA:173,1
DA:174,7
DA:175,4
DA:185,1
DA:186,1
DA:188,4
DA:192,0
DA:194,0
DA:195,0
DA:196,0
DA:197,0
DA:198,0
DA:214,1
DA:222,1
DA:225,1
DA:226,1
DA:229,3
DA:230,2
DA:232,2
DA:233,2
DA:238,3
DA:239,2
DA:241,2
DA:242,2
DA:247,3
DA:248,0
DA:250,0
DA:251,0
DA:256,3
DA:257,2
DA:259,2
DA:260,2
DA:267,1
DA:269,1
DA:270,1
DA:271,1
DA:272,3
DA:273,1
DA:274,1
DA:275,1
DA:276,1
DA:277,1
DA:278,1
DA:279,1
DA:280,1
DA:288,1
DA:289,1
DA:292,5
DA:293,5
DA:294,1
DA:297,3
DA:298,3
DA:299,4
DA:300,4
DA:303,2
DA:304,1
DA:305,4
DA:306,4
DA:307,4
DA:308,4
DA:311,2
DA:312,3
LF:132
LH:123
end_of_record
SF:lib/data/models/app_settings.dart
DA:13,5
DA:23,3
DA:32,3
DA:33,3
DA:34,3
DA:35,3
DA:36,3
DA:37,2
DA:38,3
DA:39,3
DA:43,3
DA:44,3
DA:45,3
DA:46,3
DA:47,3
DA:48,3
DA:49,3
DA:50,3
DA:51,3
DA:55,3
DA:56,3
DA:57,3
DA:58,3
DA:59,3
DA:60,3
DA:61,3
DA:62,3
DA:63,3
DA:67,2
DA:71,2
DA:72,6
DA:73,6
DA:74,6
DA:75,6
DA:76,6
DA:77,6
DA:78,6
DA:81,0
DA:83,0
DA:84,0
DA:85,0
DA:86,0
DA:87,0
DA:88,0
DA:89,0
LF:45
LH:37
end_of_record
SF:lib/data/repositories/settings_repository.dart
DA:12,3
DA:15,1
DA:16,1
DA:17,0
DA:21,3
DA:23,6
DA:25,3
DA:26,3
DA:30,4
DA:36,3
DA:38,6
DA:39,6
DA:41,2
DA:47,3
DA:48,3
DA:52,3
DA:53,1
DA:57,3
DA:58,1
DA:62,3
DA:63,0
DA:67,3
DA:68,1
DA:72,3
DA:73,3
DA:77,3
DA:78,0
DA:82,3
DA:83,1
DA:91,3
DA:95,3
DA:96,6
LF:32
LH:29
end_of_record
SF:lib/domain/services/image_cache_service.dart
DA:9,3
DA:11,2
DA:13,1
DA:29,0
DA:34,0
DA:37,0
DA:38,0
DA:39,0
DA:40,0
DA:41,0
DA:45,0
DA:46,0
DA:47,0
DA:50,0
DA:53,0
DA:61,0
DA:68,0
DA:72,0
DA:81,0
DA:82,0
DA:86,0
DA:87,0
DA:88,0
DA:89,0
DA:91,0
DA:92,0
DA:93,0
DA:98,0
DA:99,0
DA:100,0
DA:101,0
DA:102,0
DA:106,0
DA:107,0
DA:108,0
DA:110,0
DA:111,0
DA:112,0
DA:113,0
DA:114,0
DA:115,0
DA:116,0
DA:121,0
DA:122,0
DA:126,0
DA:132,0
DA:133,0
DA:138,0
DA:141,0
DA:142,0
DA:146,0
DA:147,0
DA:156,0
DA:162,0
DA:164,0
DA:165,0
DA:169,0
DA:170,0
DA:172,0
DA:174,0
DA:175,0
DA:176,0
DA:180,0
DA:182,0
DA:184,0
DA:188,0
DA:189,0
DA:190,0
DA:194,0
DA:195,0
DA:196,0
DA:197,0
DA:207,0
DA:212,0
DA:213,0
DA:224,0
DA:232,0
DA:236,0
DA:237,0
DA:238,0
DA:239,0
DA:240,0
LF:82
LH:3
end_of_record
SF:lib/domain/services/security_manager.dart
DA:7,6
DA:9,4
DA:11,2
DA:18,2
DA:19,2
DA:22,2
DA:23,1
DA:24,1
DA:27,3
DA:28,1
DA:29,1
DA:30,1
DA:34,2
DA:36,0
DA:38,0
DA:45,1
DA:55,2
DA:56,2
DA:57,1
DA:62,1
DA:65,1
DA:66,1
DA:67,1
DA:72,1
DA:76,2
DA:77,1
DA:88,1
DA:89,1
DA:90,0
DA:92,0
DA:98,1
DA:99,1
DA:100,1
DA:101,1
DA:102,1
DA:105,2
DA:106,1
DA:119,1
DA:120,3
DA:124,1
DA:125,2
LF:41
LH:37
end_of_record
SF:lib/features/capture/providers/capture_provider.dart
DA:25,3
DA:39,1
DA:55,1
DA:56,1
DA:57,1
DA:58,1
DA:59,1
DA:60,1
DA:61,1
DA:62,1
DA:63,1
DA:64,0
DA:65,1
DA:66,1
DA:70,0
DA:71,0
DA:72,0
DA:80,3
DA:87,3
DA:89,3
DA:93,0
DA:94,0
DA:95,0
DA:100,0
DA:105,0
DA:107,0
DA:115,0
DA:118,0
DA:120,0
DA:122,0
DA:124,0
DA:128,0
DA:129,0
DA:135,0
DA:140,0
DA:153,0
DA:155,0
DA:162,0
DA:165,0
DA:170,0
DA:177,0
DA:178,0
DA:183,0
DA:184,0
DA:185,0
DA:191,0
DA:192,0
DA:201,0
DA:202,0
DA:212,1
DA:213,4
DA:215,1
DA:216,2
DA:217,2
DA:218,2
DA:219,2
DA:220,2
DA:221,1
DA:222,2
DA:223,2
DA:224,2
DA:227,2
DA:231,0
DA:232,0
DA:233,0
DA:237,0
DA:238,0
DA:239,0
DA:240,0
DA:241,0
DA:242,0
DA:243,0
DA:244,0
DA:245,0
DA:246,0
DA:247,0
DA:248,0
DA:256,0
DA:257,0
DA:258,0
DA:260,0
DA:264,0
DA:265,0
DA:266,0
DA:270,1
DA:271,2
DA:276,1
DA:277,1
DA:278,1
DA:280,1
DA:282,1
DA:283,1
DA:284,1
DA:288,1
DA:289,1
DA:291,1
DA:292,1
DA:294,1
DA:295,1
DA:299,1
DA:300,1
DA:302,1
DA:303,1
DA:304,1
DA:306,1
DA:310,1
DA:311,1
DA:313,1
DA:314,1
DA:315,1
DA:316,1
DA:326,3
DA:329,2
DA:330,1
DA:337,1
DA:338,2
DA:339,1
DA:344,2
DA:345,2
DA:346,1
DA:349,1
DA:350,1
DA:352,1
DA:353,0
DA:355,1
DA:356,1
DA:358,0
DA:359,0
DA:365,1
DA:366,1
DA:367,1
DA:368,1
DA:369,1
DA:370,1
DA:375,3
DA:378,2
DA:379,0
DA:386,1
DA:392,1
DA:393,3
DA:395,1
DA:402,3
DA:403,1
DA:406,3
DA:407,1
DA:410,3
DA:411,1
DA:414,3
DA:415,1
DA:418,2
DA:422,0
DA:423,0
DA:427,0
DA:428,0
DA:432,3
DA:433,6
DA:438,7
DA:439,2
DA:440,2
DA:442,1
DA:448,7
DA:449,1
DA:452,7
DA:453,1
DA:456,8
DA:457,4
DA:458,4
DA:459,4
DA:461,2
LF:169
LH:106
end_of_record
SF:lib/features/capture/services/retry_session_manager.dart
DA:17,0
DA:19,0
DA:20,0
DA:23,0
DA:24,0
DA:25,0
DA:26,0
DA:27,0
DA:28,0
DA:29,0
DA:30,0
DA:31,0
DA:32,0
DA:35,0
DA:38,0
DA:39,0
DA:40,0
DA:43,0
DA:47,0
DA:53,0
DA:55,0
DA:56,0
DA:58,0
DA:63,0
DA:64,0
DA:65,0
DA:67,0
DA:73,0
DA:74,0
DA:75,0
DA:80,0
DA:81,0
DA:82,0
DA:88,0
DA:89,0
DA:90,0
DA:96,0
DA:97,0
DA:98,0
DA:102,0
DA:103,0
DA:104,0
DA:105,0
DA:107,0
DA:115,0
DA:121,0
DA:123,0
DA:125,0
DA:126,0
DA:127,0
DA:133,0
DA:139,1
DA:141,1
DA:142,3
DA:144,1
DA:149,0
DA:151,0
DA:152,0
DA:154,0
DA:156,0
DA:157,0
DA:159,0
DA:160,0
DA:161,0
DA:165,0
DA:166,0
DA:170,0
DA:171,0
DA:175,0
DA:176,0
DA:182,0
DA:188,0
DA:190,0
DA:191,0
DA:193,0
DA:194,0
DA:197,0
DA:198,0
DA:200,0
DA:201,0
DA:203,0
DA:205,0
DA:206,0
DA:209,0
DA:210,0
DA:222,0
DA:223,0
DA:228,0
DA:230,0
DA:231,0
DA:233,0
DA:239,0
DA:240,0
DA:241,0
DA:247,0
DA:252,0
DA:253,0
DA:254,0
DA:270,2
DA:282,0
DA:283,0
DA:284,0
DA:285,0
DA:290,0
DA:291,0
DA:292,0
DA:293,0
DA:294,0
DA:295,0
DA:296,0
DA:297,0
DA:298,0
DA:299,0
DA:303,0
DA:304,0
DA:305,0
DA:306,0
DA:307,0
DA:308,0
DA:309,0
DA:310,0
DA:311,0
DA:312,0
DA:318,0
DA:319,0
DA:320,0
DA:321,0
DA:322,0
DA:323,0
DA:324,0
DA:328,0
DA:329,0
DA:330,0
DA:331,0
DA:332,0
DA:333,0
DA:334,0
DA:340,0
DA:343,0
DA:344,0
DA:349,0
DA:352,0
LF:142
LH:5
end_of_record
SF:lib/features/settings/providers/settings_provider.dart
DA:6,4
DA:7,1
DA:11,4
DA:12,1
DA:20,2
DA:21,1
DA:24,1
DA:26,4
DA:27,0
DA:28,0
DA:29,0
DA:31,0
DA:35,0
DA:36,0
DA:38,0
DA:40,0
DA:45,0
DA:46,0
DA:48,0
DA:50,0
DA:55,0
DA:56,0
DA:58,0
DA:60,0
DA:65,0
DA:66,0
DA:68,0
DA:70,0
DA:75,0
DA:76,0
DA:78,0
DA:80,0
DA:85,0
DA:86,0
DA:88,0
DA:90,0
DA:95,0
DA:96,0
DA:98,0
DA:100,0
DA:104,0
DA:105,0
DA:107,0
DA:109,0
DA:116,4
DA:117,3
LF:46
LH:10
end_of_record
SF:lib/features/capture/providers/image_storage_provider.dart
DA:6,8
DA:7,2
LF:2
LH:2
end_of_record
SF:lib/infrastructure/services/image_storage_service_impl.dart
DA:11,2
DA:14,2
DA:15,2
DA:16,3
DA:18,1
DA:19,0
DA:21,0
DA:25,0
DA:28,0
DA:29,0
DA:30,0
DA:34,0
DA:38,0
DA:41,0
DA:42,0
DA:48,0
DA:51,0
DA:52,0
DA:53,0
DA:66,0
DA:68,0
DA:69,0
LF:22
LH:5
end_of_record
SF:lib/features/capture/providers/preview_initialization_provider.dart
DA:14,2
DA:19,2
DA:22,0
DA:23,0
DA:24,0
DA:25,0
DA:27,2
DA:28,10
DA:40,2
DA:48,0
DA:55,0
DA:62,0
DA:69,0
DA:70,0
DA:71,0
DA:72,0
DA:73,0
DA:74,0
DA:80,8
DA:83,4
DA:84,6
DA:87,4
DA:90,0
DA:96,0
DA:102,0
DA:111,0
DA:114,0
DA:117,0
DA:119,0
DA:121,0
DA:124,0
DA:125,0
DA:127,0
DA:133,0
DA:138,0
DA:139,0
DA:141,0
DA:143,0
DA:146,0
DA:147,0
DA:149,0
DA:152,0
DA:156,0
DA:158,0
DA:162,0
DA:163,0
DA:164,0
DA:165,0
DA:167,0
DA:172,0
DA:173,0
LF:51
LH:9
end_of_record
SF:lib/features/capture/screens/preview_screen.dart
DA:25,2
DA:31,2
DA:34,2
DA:35,2
DA:36,2
DA:40,6
DA:43,2
DA:44,0
DA:46,0
DA:48,2
DA:53,0
DA:54,0
DA:55,0
DA:57,0
DA:60,0
DA:62,0
DA:63,0
DA:79,0
DA:84,0
DA:85,0
DA:102,0
DA:104,0
DA:107,0
DA:108,0
DA:109,0
DA:110,0
DA:113,0
DA:118,0
DA:121,0
DA:122,0
DA:125,0
DA:126,0
DA:129,0
DA:130,0
DA:133,0
DA:134,0
DA:135,0
DA:138,0
DA:139,0
DA:140,0
DA:141,0
DA:142,0
DA:146,0
DA:149,0
DA:150,0
DA:151,0
DA:152,0
DA:153,0
DA:156,0
DA:159,0
DA:161,0
DA:169,0
DA:172,0
DA:173,0
DA:175,0
DA:176,0
DA:180,0
DA:181,0
DA:183,0
DA:185,0
DA:186,0
DA:187,0
DA:188,0
DA:189,0
DA:192,0
DA:193,0
DA:197,0
DA:198,0
DA:201,0
DA:204,0
DA:207,0
DA:209,0
DA:213,0
DA:215,0
DA:216,0
DA:219,0
DA:221,0
DA:222,0
DA:227,0
DA:229,0
DA:230,0
DA:233,0
DA:235,0
DA:239,0
DA:240,0
DA:241,0
DA:242,0
DA:245,0
DA:246,0
DA:247,0
DA:248,0
DA:251,0
DA:252,0
DA:255,0
DA:256,0
DA:259,0
DA:260,0
DA:263,0
DA:264,0
DA:267,0
DA:268,0
DA:269,0
DA:270,0
DA:276,0
DA:279,0
DA:281,0
DA:282,0
DA:285,0
DA:286,0
DA:290,0
DA:294,0
DA:296,0
DA:299,0
DA:300,0
DA:301,0
DA:302,0
DA:305,0
DA:323,0
DA:325,0
DA:326,0
DA:328,0
DA:329,0
DA:331,0
DA:333,0
DA:335,0
DA:337,0
DA:338,0
DA:339,0
DA:340,0
DA:341,0
DA:342,0
DA:345,0
DA:346,0
DA:347,0
DA:348,0
DA:349,0
DA:353,0
DA:354,0
DA:355,0
DA:360,0
DA:364,0
DA:366,0
DA:380,0
DA:381,0
DA:382,0
DA:386,0
DA:387,0
DA:388,0
DA:389,0
DA:390,0
DA:391,0
DA:392,0
DA:393,0
DA:394,0
DA:395,0
DA:400,0
DA:403,0
DA:405,0
DA:406,0
DA:409,0
DA:410,0
DA:413,0
DA:417,0
DA:418,0
DA:420,0
DA:423,0
DA:424,0
DA:425,0
DA:428,0
DA:429,0
DA:430,0
DA:431,0
DA:433,0
DA:435,0
DA:437,0
DA:438,0
DA:440,0
DA:442,0
DA:443,0
DA:444,0
DA:447,0
DA:448,0
DA:449,0
DA:450,0
DA:462,0
DA:463,0
DA:464,0
DA:466,0
DA:468,0
DA:470,0
DA:471,0
DA:481,0
DA:483,0
DA:485,0
DA:486,0
DA:487,0
DA:488,0
DA:490,0
DA:492,0
DA:493,0
DA:495,0
DA:497,0
DA:500,0
DA:513,0
DA:515,0
DA:522,0
DA:523,0
DA:524,0
DA:525,0
DA:527,0
DA:529,0
DA:530,0
DA:531,0
DA:536,0
DA:537,0
DA:538,0
DA:539,0
DA:541,0
DA:543,0
DA:544,0
DA:545,0
DA:549,0
DA:550,0
DA:551,0
DA:552,0
DA:554,0
DA:556,0
DA:559,0
DA:560,0
DA:564,0
DA:565,0
DA:566,0
DA:567,0
DA:569,0
DA:571,0
DA:574,0
DA:575,0
DA:582,0
DA:583,0
DA:584,0
DA:591,0
DA:592,0
DA:594,0
DA:595,0
DA:598,0
DA:599,0
DA:600,0
DA:613,0
DA:615,0
DA:616,0
DA:618,0
DA:629,0
DA:634,0
DA:635,0
DA:637,0
DA:639,0
DA:640,0
DA:641,0
DA:642,0
DA:643,0
DA:652,0
DA:660,0
DA:661,0
DA:663,0
DA:666,0
DA:667,0
DA:668,0
DA:669,0
DA:670,0
DA:671,0
DA:680,0
DA:691,0
DA:692,0
DA:693,0
DA:695,0
DA:696,0
DA:699,0
DA:700,0
DA:701,0
DA:702,0
DA:703,0
DA:709,0
DA:710,0
DA:711,0
DA:712,0
DA:713,0
DA:716,0
DA:717,0
LF:288
LH:8
end_of_record
SF:lib/features/capture/widgets/notes_field_editor.dart
DA:22,2
DA:27,2
DA:29,2
DA:30,2
DA:38,2
DA:40,2
DA:41,8
DA:42,4
DA:43,8
DA:46,6
DA:49,2
DA:51,6
DA:52,4
DA:53,4
DA:54,2
DA:57,1
DA:58,3
DA:61,3
DA:63,3
DA:64,5
DA:66,5
DA:68,1
DA:69,3
DA:75,2
DA:76,4
DA:78,5
DA:83,1
DA:84,1
DA:87,2
DA:92,2
DA:93,2
DA:94,2
DA:97,2
DA:98,2
DA:101,2
DA:102,0
DA:108,2
DA:110,2
DA:112,2
DA:114,2
DA:115,2
DA:117,2
DA:118,2
DA:119,2
DA:120,4
DA:127,2
DA:132,2
DA:133,2
DA:135,2
DA:136,2
DA:137,2
DA:138,4
DA:142,2
DA:143,2
DA:144,2
DA:145,4
DA:149,2
DA:150,2
DA:151,2
DA:152,4
DA:156,4
DA:157,6
DA:160,4
DA:165,2
DA:167,2
DA:168,4
DA:170,2
DA:171,4
DA:172,6
DA:173,4
DA:174,2
DA:175,4
LF:72
LH:71
end_of_record
SF:lib/shared/widgets/zoomable_image_viewer.dart
DA:56,1
DA:68,1
DA:70,1
DA:71,1
DA:107,1
DA:109,1
DA:110,1
DA:112,2
DA:113,2
DA:114,3
DA:118,2
DA:124,3
DA:127,1
DA:129,3
DA:130,2
DA:132,2
DA:133,3
DA:134,2
DA:137,1
DA:138,2
DA:141,1
DA:142,0
DA:144,1
DA:147,1
DA:148,1
DA:149,2
DA:150,2
DA:155,0
DA:157,0
DA:158,0
DA:160,0
DA:161,0
DA:166,1
DA:168,3
DA:171,4
DA:172,0
DA:175,0
DA:176,0
DA:179,0
DA:182,0
DA:183,0
DA:187,0
DA:188,0
DA:190,0
DA:193,0
DA:194,0
DA:195,0
DA:196,0
DA:202,0
DA:204,0
DA:207,0
DA:208,0
DA:213,0
DA:214,0
DA:215,0
DA:216,0
DA:217,0
DA:218,0
DA:223,0
DA:224,0
DA:225,0
DA:230,0
DA:231,0
DA:232,0
DA:233,0
DA:234,0
DA:239,0
DA:241,0
DA:244,0
DA:245,0
DA:246,0
DA:251,0
DA:252,0
DA:253,0
DA:254,0
DA:255,0
DA:260,0
DA:262,0
DA:263,0
DA:264,0
DA:266,0
DA:267,0
DA:268,0
DA:269,0
DA:270,0
DA:275,0
DA:277,0
DA:281,0
DA:282,0
DA:284,0
DA:285,0
DA:287,0
DA:288,0
DA:290,0
DA:292,0
DA:293,0
DA:296,0
DA:297,0
DA:298,0
DA:302,0
DA:303,0
DA:306,0
DA:307,0
DA:310,0
DA:311,0
DA:313,0
DA:315,0
DA:317,0
DA:318,0
DA:322,0
DA:325,1
DA:327,2
DA:328,1
DA:329,2
DA:333,0
DA:334,0
DA:335,0
DA:336,0
DA:338,0
DA:341,0
DA:342,0
DA:343,0
DA:351,0
DA:352,0
DA:354,0
DA:355,0
DA:356,0
DA:357,0
DA:358,0
DA:359,0
DA:360,0
DA:361,0
DA:363,0
DA:364,0
DA:366,0
DA:370,0
DA:383,0
DA:384,0
DA:385,0
DA:387,0
DA:388,0
DA:389,0
DA:390,0
DA:397,0
DA:398,0
DA:401,0
DA:403,0
DA:405,0
DA:407,0
DA:429,0
DA:430,0
DA:431,0
DA:432,0
DA:433,0
DA:434,0
DA:437,0
DA:440,0
DA:442,0
DA:444,0
DA:445,0
DA:446,0
DA:450,0
DA:453,0
DA:454,0
DA:455,0
DA:456,0
DA:457,0
DA:459,0
DA:462,0
DA:463,0
DA:473,0
DA:474,0
DA:480,0
DA:482,0
DA:483,0
DA:502,0
DA:514,2
LF:177
LH:34
end_of_record
SF:lib/features/receipts/presentation/providers/image_viewer_provider.dart
DA:18,2
DA:29,0
DA:39,0
DA:40,0
DA:41,0
DA:42,0
DA:43,0
DA:44,0
DA:45,0
DA:46,0
DA:47,0
DA:52,0
DA:55,0
DA:71,0
DA:72,0
DA:75,0
DA:78,0
DA:79,0
DA:80,0
DA:81,0
DA:85,0
DA:86,0
DA:87,0
DA:88,0
DA:90,0
DA:98,0
DA:99,0
DA:100,0
DA:101,0
DA:105,0
DA:106,0
DA:107,0
DA:108,0
DA:113,0
DA:118,0
DA:119,0
DA:120,0
DA:123,0
DA:124,0
DA:125,0
DA:126,0
DA:129,0
DA:132,0
DA:133,0
DA:134,0
DA:135,0
DA:138,0
DA:142,0
DA:143,0
DA:148,0
DA:149,0
DA:150,0
DA:154,0
DA:155,0
DA:156,0
DA:160,0
DA:161,0
DA:165,0
DA:166,0
DA:174,0
DA:178,0
DA:179,0
DA:184,0
DA:185,0
DA:186,0
DA:187,0
DA:190,0
DA:198,0
DA:203,0
DA:205,0
DA:206,0
DA:207,0
DA:209,0
DA:211,0
DA:212,0
DA:213,0
DA:216,0
DA:218,0
DA:219,0
DA:220,0
DA:221,0
DA:224,0
DA:229,0
DA:230,0
DA:231,0
DA:237,0
DA:238,0
DA:239,0
DA:241,0
DA:243,0
DA:248,0
DA:249,0
DA:250,0
DA:251,0
DA:255,0
DA:257,0
DA:260,0
DA:262,0
DA:263,0
DA:264,0
DA:266,0
DA:270,0
DA:271,0
DA:272,0
DA:274,0
DA:275,0
DA:280,6
DA:281,0
DA:285,0
DA:286,0
DA:287,0
DA:291,0
DA:292,0
DA:296,0
DA:297,0
DA:301,0
DA:302,0
LF:117
LH:2
end_of_record
SF:lib/shared/utils/performance_monitor.dart
DA:8,3
DA:10,2
DA:12,1
DA:33,1
DA:34,1
DA:37,3
DA:38,3
DA:39,1
DA:41,3
DA:42,3
DA:43,2
DA:46,1
DA:47,1
DA:51,3
DA:55,1
DA:56,2
DA:57,1
DA:58,1
DA:59,1
DA:63,1
DA:64,1
DA:65,2
DA:70,0
DA:71,0
DA:75,0
DA:76,0
DA:78,0
DA:79,0
DA:81,0
DA:82,0
DA:85,0
DA:87,0
DA:93,1
DA:96,4
DA:97,3
DA:99,3
DA:100,2
DA:105,1
DA:106,2
DA:110,1
DA:111,2
DA:115,1
DA:116,1
DA:117,2
DA:118,1
DA:123,1
DA:124,1
DA:125,1
DA:126,2
DA:127,6
DA:128,6
DA:129,2
DA:130,2
DA:131,0
DA:132,3
DA:133,2
DA:134,2
DA:135,0
DA:136,0
DA:141,1
DA:142,1
DA:143,5
DA:147,1
DA:148,1
DA:149,0
DA:153,0
DA:154,0
DA:155,0
DA:156,0
DA:172,1
DA:185,0
DA:188,0
DA:191,0
DA:194,0
DA:197,0
DA:200,0
DA:201,0
DA:202,0
DA:203,0
DA:204,0
DA:213,0
DA:217,0
DA:219,0
DA:220,0
DA:227,0
DA:229,0
DA:230,0
DA:231,0
DA:232,0
DA:236,0
DA:238,0
DA:239,0
DA:242,0
DA:243,0
DA:244,0
DA:245,0
DA:250,0
DA:252,0
DA:253,0
DA:256,0
DA:257,0
DA:258,0
DA:259,0
DA:262,0
DA:264,0
DA:265,0
DA:266,0
DA:267,0
DA:268,0
DA:270,0
DA:272,0
DA:273,0
DA:274,0
DA:281,0
DA:282,0
LF:115
LH:52
end_of_record
SF:lib/features/export/presentation/widgets/date_range_picker.dart
DA:16,0
DA:18,0
DA:19,0
DA:22,2
DA:23,2
DA:24,8
DA:27,2
DA:28,3
DA:29,1
DA:31,2
DA:32,4
DA:33,3
DA:34,1
DA:36,2
DA:37,2
DA:38,2
DA:40,1
DA:41,1
DA:42,1
DA:44,1
DA:45,1
DA:46,1
DA:57,0
DA:59,0
DA:61,0
DA:63,0
DA:65,0
DA:67,0
DA:68,0
DA:70,0
DA:73,0
DA:74,0
DA:75,0
DA:77,0
DA:79,0
DA:80,0
DA:81,0
DA:82,0
DA:86,0
DA:87,0
DA:89,0
DA:90,0
DA:91,0
DA:94,0
DA:97,0
DA:98,0
DA:99,0
DA:110,0
DA:111,0
DA:112,0
DA:115,0
DA:116,0
DA:117,0
DA:118,0
DA:119,0
DA:120,0
DA:121,0
DA:122,0
DA:124,0
DA:125,0
DA:126,0
DA:133,0
DA:134,0
DA:138,0
DA:139,0
DA:145,0
DA:146,0
LF:67
LH:19
end_of_record
SF:lib/features/receipts/presentation/widgets/receipt_card.dart
DA:18,1
DA:25,1
DA:27,1
DA:29,3
DA:30,3
DA:33,1
DA:34,1
DA:36,1
DA:37,1
DA:38,1
DA:39,1
DA:40,1
DA:42,1
DA:43,1
DA:44,1
DA:45,3
DA:46,1
DA:47,1
DA:49,1
DA:50,1
DA:51,1
DA:53,2
DA:54,2
DA:62,1
DA:63,1
DA:64,5
DA:65,1
DA:68,1
DA:69,1
DA:70,1
DA:71,2
DA:82,1
DA:83,1
DA:85,1
DA:87,1
DA:88,2
DA:89,4
DA:91,2
DA:99,1
DA:100,1
DA:101,3
DA:102,2
DA:104,1
DA:105,2
DA:106,4
DA:107,1
DA:112,3
DA:113,2
DA:114,1
DA:115,4
DA:116,4
DA:118,1
DA:127,1
DA:128,1
DA:129,1
DA:131,1
DA:132,3
DA:133,4
DA:134,1
DA:141,2
DA:143,0
DA:144,0
DA:145,0
DA:147,0
DA:148,0
DA:149,0
DA:150,0
DA:151,0
DA:165,1
DA:169,2
DA:170,1
DA:174,1
DA:178,1
DA:182,1
DA:193,1
DA:200,1
DA:201,2
DA:202,1
DA:217,1
DA:218,1
DA:219,1
DA:220,2
DA:225,1
DA:230,1
DA:231,2
DA:233,2
DA:234,1
DA:235,1
DA:236,1
DA:237,1
DA:238,1
DA:241,1
DA:243,2
DA:245,0
DA:257,1
DA:258,1
DA:260,0
DA:266,1
DA:270,1
DA:275,1
DA:279,1
DA:284,1
DA:287,1
DA:290,1
DA:295,1
DA:296,1
DA:301,1
DA:305,1
DA:306,0
DA:307,1
DA:308,0
DA:309,1
DA:310,1
DA:314,1
DA:315,1
DA:316,1
DA:318,2
DA:319,2
DA:320,2
DA:321,2
DA:322,2
DA:323,2
DA:336,1
DA:341,1
DA:343,1
DA:345,3
DA:346,3
DA:349,1
DA:350,1
DA:351,1
DA:352,1
DA:353,1
DA:354,1
DA:356,1
DA:357,1
DA:358,1
DA:359,0
DA:360,1
DA:361,1
DA:363,1
DA:365,1
DA:366,1
DA:367,5
DA:370,1
DA:373,1
DA:374,1
DA:375,1
DA:376,2
DA:386,1
DA:387,2
DA:388,4
DA:396,2
DA:397,1
DA:398,4
DA:399,4
DA:400,1
DA:410,1
DA:415,1
DA:418,1
DA:421,1
DA:426,1
DA:427,1
DA:432,1
DA:436,1
DA:437,0
DA:438,1
DA:439,0
DA:440,1
DA:441,1
LF:169
LH:154
end_of_record
SF:lib/main.dart
DA:8,0
DA:9,0
DA:12,0
DA:14,0
DA:15,0
DA:16,0
DA:17,0
DA:25,1
DA:27,2
DA:29,2
DA:31,2
DA:32,2
DA:36,2
DA:37,0
DA:38,0
DA:45,1
DA:47,2
DA:49,2
DA:50,2
DA:52,6
DA:55,2
DA:56,2
DA:58,2
DA:82,2
DA:83,0
DA:84,0
DA:85,0
DA:86,0
DA:92,2
DA:103,2
DA:104,0
DA:107,2
LF:32
LH:18
end_of_record
SF:lib/features/capture/screens/capture_screen.dart
DA:10,1
DA:12,0
DA:13,0
DA:23,0
DA:25,0
DA:26,0
DA:30,0
DA:36,0
DA:38,0
DA:39,0
DA:40,0
DA:43,0
DA:44,0
DA:46,0
DA:47,0
DA:53,0
DA:55,0
DA:56,0
DA:58,0
DA:59,0
DA:63,0
DA:64,0
DA:65,0
DA:72,0
DA:73,0
DA:74,0
DA:75,0
DA:81,0
DA:82,0
DA:88,0
DA:91,0
DA:98,0
DA:99,0
DA:100,0
DA:103,0
DA:104,0
DA:107,0
DA:108,0
DA:109,0
DA:112,0
DA:115,0
DA:116,0
DA:119,0
DA:120,0
DA:121,0
DA:124,0
DA:125,0
DA:126,0
DA:129,0
DA:130,0
DA:131,0
DA:132,0
DA:133,0
DA:134,0
DA:138,0
DA:149,0
DA:151,0
DA:152,0
DA:156,0
DA:157,0
DA:158,0
DA:159,0
DA:160,0
DA:161,0
DA:171,0
DA:172,0
DA:177,0
DA:178,0
DA:179,0
DA:180,0
DA:181,0
DA:187,0
DA:191,0
DA:193,0
DA:195,0
DA:209,0
DA:213,0
DA:214,0
DA:215,0
DA:216,0
DA:217,0
DA:218,0
DA:219,0
DA:220,0
DA:221,0
DA:222,0
DA:223,0
DA:224,0
DA:225,0
DA:226,0
DA:228,0
DA:231,0
DA:232,0
DA:234,0
DA:237,0
DA:238,0
DA:239,0
DA:240,0
DA:246,0
DA:247,0
DA:256,0
DA:257,0
DA:261,0
DA:271,0
DA:272,0
DA:273,0
DA:274,0
DA:275,0
LF:108
LH:1
end_of_record
SF:lib/presentation/widgets/edge_overlay_widget.dart
DA:6,1
DA:25,1
DA:27,6
DA:31,1
DA:32,2
DA:33,2
DA:34,1
DA:35,1
DA:36,1
DA:37,1
DA:38,5
DA:39,1
DA:41,2
DA:46,1
DA:47,1
DA:48,6
DA:49,1
DA:50,1
DA:51,1
DA:52,4
DA:53,4
DA:56,1
DA:57,2
DA:58,2
DA:59,1
DA:60,1
DA:61,1
DA:62,1
DA:63,7
DA:64,7
DA:66,2
DA:69,1
DA:72,1
DA:74,2
DA:76,1
DA:77,1
DA:78,1
DA:84,1
DA:87,1
DA:92,1
DA:99,1
DA:109,1
DA:111,6
DA:113,1
DA:114,2
DA:115,2
DA:116,1
DA:117,1
DA:118,1
DA:120,1
DA:121,3
DA:122,1
DA:125,5
DA:126,3
DA:127,3
DA:128,1
DA:131,1
DA:132,5
DA:133,3
DA:134,5
DA:136,1
DA:137,1
DA:140,3
DA:141,1
DA:142,4
DA:143,1
DA:147,1
DA:148,1
DA:149,1
DA:151,1
DA:152,2
DA:153,1
DA:154,1
DA:156,2
DA:157,1
DA:158,1
DA:162,1
DA:165,1
DA:166,2
DA:167,1
DA:168,2
DA:169,1
DA:171,1
DA:172,2
DA:173,1
DA:175,1
DA:176,1
DA:177,3
DA:186,1
DA:189,1
DA:190,1
DA:191,6
DA:193,3
DA:194,2
DA:199,1
DA:202,1
DA:204,1
DA:205,2
DA:206,4
DA:207,1
DA:210,1
DA:212,1
DA:214,6
DA:218,1
DA:219,1
DA:220,1
DA:224,1
DA:226,3
DA:227,3
DA:228,3
LF:110
LH:110
end_of_record
SF:lib/presentation/widgets/camera_preview_with_overlay.dart
DA:11,1
DA:22,1
DA:24,1
DA:34,1
DA:36,1
DA:37,1
DA:40,1
DA:42,5
DA:45,1
DA:47,2
DA:48,3
DA:51,0
DA:52,0
DA:53,0
DA:57,0
DA:58,0
DA:62,0
DA:63,0
DA:65,0
DA:66,0
DA:67,0
DA:68,0
DA:72,0
DA:75,0
DA:76,0
DA:77,0
DA:83,0
DA:84,0
DA:86,0
DA:87,0
DA:88,0
DA:89,0
DA:90,0
DA:93,0
DA:96,0
DA:97,0
DA:100,0
DA:101,0
DA:104,0
DA:108,1
DA:110,1
DA:111,3
DA:112,1
DA:113,1
DA:119,0
DA:120,0
DA:126,0
DA:127,0
DA:128,0
DA:130,0
DA:131,0
DA:133,0
DA:134,0
DA:136,0
DA:137,0
DA:138,0
DA:139,0
DA:145,0
DA:146,0
DA:147,0
DA:148,0
DA:150,0
DA:151,0
DA:153,0
DA:158,0
DA:159,0
DA:162,0
DA:167,0
DA:168,0
DA:169,0
DA:196,0
DA:197,0
DA:201,0
DA:211,0
DA:212,0
DA:214,0
DA:215,0
DA:216,0
DA:226,0
DA:236,0
DA:238,0
DA:239,0
DA:240,0
DA:242,0
DA:243,0
DA:244,0
DA:250,0
DA:251,0
DA:254,0
DA:255,0
DA:257,0
DA:263,0
DA:264,0
DA:273,0
DA:274,0
LF:95
LH:16
end_of_record
SF:lib/data/repositories/receipt_repository.dart
DA:16,1
DA:17,2
DA:18,0
DA:21,1
DA:22,1
DA:23,1
DA:25,1
DA:28,1
DA:29,1
DA:33,0
DA:34,0
DA:54,0
DA:59,0
DA:64,0
DA:68,0
DA:70,0
DA:71,0
DA:73,0
DA:76,0
DA:78,0
DA:79,0
DA:82,0
DA:86,0
DA:87,0
DA:90,0
DA:92,0
DA:93,0
DA:96,0
DA:100,0
DA:103,0
DA:105,0
DA:108,0
DA:109,0
DA:114,0
DA:127,0
DA:128,0
DA:129,0
DA:132,0
DA:135,1
DA:137,1
DA:138,0
DA:140,0
DA:144,0
DA:146,0
DA:147,0
DA:149,0
DA:153,0
DA:157,0
DA:159,0
DA:161,0
DA:164,0
DA:168,0
DA:170,0
DA:172,0
DA:173,0
DA:175,0
DA:176,0
DA:179,0
DA:182,1
DA:184,1
DA:185,0
DA:186,0
DA:192,0
DA:194,0
DA:195,0
DA:202,0
DA:206,0
DA:207,0
DA:211,0
DA:212,0
DA:216,0
DA:217,0
DA:218,0
DA:219,0
DA:220,0
DA:221,0
DA:222,0
DA:223,0
DA:224,0
DA:226,0
DA:227,0
DA:228,0
DA:238,0
DA:239,0
DA:240,0
DA:241,0
DA:242,0
DA:243,0
DA:244,0
DA:245,0
DA:246,0
DA:247,0
DA:248,0
DA:249,0
DA:250,0
DA:251,0
DA:252,0
DA:254,0
LF:98
LH:12
end_of_record
SF:lib/presentation/widgets/manual_adjustment_interface.dart
DA:6,1
DA:25,1
DA:27,1
DA:38,1
DA:40,1
DA:41,3
DA:43,2
DA:47,2
DA:50,2
DA:51,1
DA:56,2
DA:59,1
DA:61,2
DA:62,1
DA:65,1
DA:67,1
DA:68,4
DA:69,2
DA:70,3
DA:71,1
DA:72,1
DA:77,1
DA:78,1
DA:81,2
DA:84,1
DA:85,1
DA:86,6
DA:87,6
DA:90,3
DA:91,2
DA:92,2
DA:93,1
DA:94,1
DA:97,1
DA:100,1
DA:101,2
DA:104,2
DA:105,1
DA:106,1
DA:107,1
DA:110,3
DA:114,1
DA:115,2
DA:116,3
DA:120,1
DA:121,2
DA:124,1
DA:125,1
DA:126,1
DA:127,1
DA:129,4
DA:130,4
DA:131,1
DA:134,2
DA:137,2
DA:140,0
DA:141,0
DA:142,0
DA:143,0
DA:144,0
DA:146,0
DA:149,1
DA:150,3
DA:151,4
DA:155,0
DA:156,0
DA:157,0
DA:158,0
DA:159,0
DA:161,0
DA:164,1
DA:166,3
DA:167,1
DA:170,1
DA:171,1
DA:173,3
DA:176,1
DA:177,1
DA:178,1
DA:180,1
DA:183,2
DA:189,1
DA:194,1
DA:195,1
DA:197,1
DA:199,1
DA:200,1
DA:203,1
DA:206,1
DA:208,5
DA:209,1
DA:213,1
DA:215,5
DA:216,1
DA:225,1
DA:226,1
DA:229,1
DA:230,1
DA:231,1
DA:232,2
DA:234,1
DA:235,1
DA:236,1
DA:237,1
DA:238,1
DA:239,1
DA:240,2
DA:241,1
DA:243,1
DA:250,1
DA:251,1
DA:253,1
DA:254,1
DA:264,1
DA:265,3
DA:267,6
DA:268,1
DA:269,1
DA:270,2
DA:272,1
DA:273,5
DA:274,5
DA:277,1
DA:278,2
DA:279,2
DA:280,1
DA:281,2
DA:282,3
DA:283,1
DA:287,1
DA:289,1
DA:290,2
DA:294,1
DA:295,1
DA:296,1
DA:302,1
DA:305,1
DA:310,1
DA:313,1
DA:314,2
DA:318,4
DA:319,1
DA:320,5
DA:321,5
DA:324,1
DA:325,2
DA:326,1
DA:328,2
DA:333,1
DA:334,1
DA:336,1
DA:337,1
DA:339,1
DA:340,1
DA:341,2
DA:349,1
DA:350,1
DA:351,2
DA:359,1
DA:361,1
DA:362,4
DA:365,1
DA:379,1
DA:387,1
DA:389,1
DA:390,2
DA:391,1
DA:392,1
DA:393,1
DA:396,1
DA:397,3
DA:398,4
DA:403,1
DA:404,3
DA:405,4
DA:410,1
DA:411,2
DA:412,1
DA:413,1
DA:418,3
DA:419,1
DA:420,1
DA:421,2
DA:427,3
DA:428,1
DA:429,1
DA:430,2
DA:436,1
DA:438,3
DA:439,3
LF:190
LH:178
end_of_record
SF:lib/features/receipts/presentation/screens/receipt_detail_screen.dart
DA:16,1
DA:20,1
DA:22,1
DA:23,1
DA:31,1
DA:33,1
DA:34,3
DA:35,4
DA:38,1
DA:40,1
DA:41,1
DA:42,2
DA:43,1
DA:44,1
DA:45,1
DA:46,1
DA:51,1
DA:52,1
DA:53,1
DA:54,2
DA:57,1
DA:58,2
DA:59,1
DA:61,2
DA:64,1
DA:65,1
DA:66,0
DA:89,1
DA:90,2
DA:92,1
DA:94,1
DA:96,1
DA:97,1
DA:99,1
DA:101,1
DA:103,1
DA:110,1
DA:111,1
DA:112,1
DA:114,1
DA:116,1
DA:117,1
DA:118,1
DA:119,2
DA:121,1
DA:123,4
DA:130,1
DA:131,1
DA:132,1
DA:133,2
DA:137,1
DA:138,1
DA:148,1
DA:149,2
DA:153,1
DA:156,1
DA:164,1
DA:166,1
DA:174,1
DA:175,1
DA:176,1
DA:179,1
DA:180,1
DA:181,1
DA:198,1
DA:199,1
DA:201,1
DA:202,1
DA:204,4
DA:210,1
DA:211,1
DA:212,1
DA:215,1
DA:216,1
DA:217,1
DA:220,1
DA:223,1
DA:224,1
DA:227,1
DA:230,1
DA:231,1
DA:237,1
DA:239,4
DA:245,1
DA:246,1
DA:247,1
DA:254,1
DA:255,1
DA:256,1
DA:258,1
DA:260,1
DA:261,1
DA:263,4
DA:268,4
DA:269,4
DA:270,5
DA:271,3
DA:272,4
DA:273,5
DA:281,1
DA:282,1
DA:284,1
DA:286,1
DA:287,1
DA:289,1
DA:291,1
DA:292,1
DA:297,1
DA:298,1
DA:311,1
DA:333,1
DA:334,1
DA:335,1
DA:341,1
DA:342,1
DA:345,0
DA:346,0
DA:349,1
DA:350,1
DA:353,0
DA:354,0
DA:357,0
DA:358,0
DA:359,0
DA:360,0
DA:364,1
DA:365,2
DA:367,2
DA:371,1
DA:372,1
DA:374,1
DA:375,1
DA:376,1
DA:377,1
DA:379,1
DA:380,1
DA:381,1
DA:383,1
DA:384,1
DA:385,1
DA:388,1
DA:389,0
DA:390,0
DA:392,0
DA:393,0
DA:394,0
DA:395,0
DA:397,0
DA:398,0
DA:400,0
DA:401,0
DA:402,0
DA:405,1
DA:406,1
DA:407,1
DA:408,1
DA:410,1
DA:411,1
DA:412,1
DA:413,1
DA:415,1
DA:417,1
DA:418,1
DA:419,1
DA:422,0
DA:423,0
DA:424,0
DA:425,0
DA:426,0
DA:428,0
DA:429,0
DA:430,0
DA:431,0
DA:434,0
DA:435,0
DA:436,0
DA:443,2
DA:444,3
DA:446,1
DA:448,1
DA:452,1
DA:458,1
DA:459,3
DA:461,1
DA:468,3
DA:469,1
DA:472,3
DA:473,1
DA:476,3
DA:477,1
DA:480,3
DA:481,1
DA:484,2
DA:487,1
DA:489,2
DA:490,1
DA:491,1
DA:495,3
DA:497,2
DA:498,1
DA:499,1
DA:502,3
DA:510,1
DA:511,1
DA:513,2
DA:522,1
DA:523,1
DA:524,0
DA:532,0
DA:534,0
DA:537,0
DA:538,0
DA:543,0
DA:544,0
DA:545,0
DA:546,0
DA:549,0
DA:550,0
DA:551,0
DA:554,0
DA:555,0
DA:556,0
DA:557,0
DA:559,0
DA:567,1
DA:568,4
DA:569,4
LF:227
LH:178
end_of_record
SF:lib/features/export/presentation/providers/date_range_provider.dart
DA:19,1
DA:27,1
DA:34,1
DA:35,0
DA:36,0
DA:37,0
DA:38,0
DA:43,1
DA:44,1
DA:45,3
DA:46,3
DA:47,2
DA:51,1
DA:52,2
DA:53,2
DA:54,1
DA:55,4
DA:56,1
DA:59,1
DA:60,1
DA:65,1
DA:66,1
DA:67,1
DA:76,0
DA:79,0
DA:80,0
DA:81,0
DA:82,0
DA:86,0
DA:87,0
DA:93,0
DA:99,0
DA:100,0
DA:103,0
DA:105,0
DA:112,0
DA:115,0
DA:118,0
DA:120,0
DA:125,0
DA:127,0
DA:128,0
DA:129,0
DA:130,0
DA:133,0
DA:134,0
DA:139,0
DA:141,0
DA:147,0
DA:149,0
DA:150,0
LF:51
LH:19
end_of_record
SF:lib/features/export/presentation/providers/date_range_provider.g.dart
DA:9,0
DA:13,0
LF:2
LH:0
end_of_record
SF:lib/core/providers/repository_providers.g.dart
DA:9,0
DA:15,0
DA:16,0
LF:3
LH:0
end_of_record
SF:lib/core/providers/repository_providers.dart
DA:8,0
DA:10,0
LF:2
LH:0
end_of_record
SF:lib/features/receipts/providers/receipt_list_provider.dart
DA:12,1
DA:20,1
DA:27,1
DA:28,1
DA:29,1
DA:30,1
DA:31,1
DA:39,2
DA:42,0
DA:43,0
DA:48,0
DA:50,0
DA:56,0
DA:58,0
DA:64,1
DA:65,3
DA:67,1
DA:68,5
DA:72,1
DA:73,4
DA:75,4
DA:80,4
DA:85,4
DA:90,1
DA:91,2
DA:92,1
DA:98,1
DA:99,2
DA:100,1
DA:106,1
DA:108,3
DA:112,0
DA:113,0
DA:114,0
DA:117,0
DA:118,0
DA:120,0
DA:125,1
DA:126,4
DA:127,3
DA:128,1
DA:130,3
DA:133,3
DA:134,3
DA:136,0
DA:141,0
DA:142,0
DA:143,0
DA:146,0
DA:147,0
DA:149,0
DA:154,1
DA:155,3
DA:157,2
DA:162,0
DA:163,0
DA:164,0
DA:167,0
DA:171,0
DA:174,0
DA:178,0
DA:181,0
DA:190,4
DA:191,1
DA:195,0
DA:196,0
DA:197,0
DA:201,0
DA:202,0
DA:203,0
LF:70
LH:37
end_of_record
